<?xml version="1.0" encoding="UTF-8"?>
<testng-results ignored="0" total="1" passed="1" failed="0" skipped="0">
  <reporter-output>
    <line>
      <![CDATA[tes started]]>
    </line>
    <line>
      <![CDATA[test started]]>
    </line>
    <line>
      <![CDATA[test success]]>
    </line>
  </reporter-output>
  <suite started-at="2022-06-10T11:16:53 IST" name="Default suite" finished-at="2022-06-10T11:17:03 IST" duration-ms="10461">
    <groups>
    </groups>
    <test started-at="2022-06-10T11:16:53 IST" name="Default test" finished-at="2022-06-10T11:17:03 IST" duration-ms="10461">
      <class name="listner.Demo_Listner_SoftAssert">
        <test-method is-config="true" signature="openAPp()[pri:0, instance:listner.Demo_Listner_SoftAssert@5562c41e]" started-at="2022-06-10T11:16:53 IST" name="openAPp" finished-at="2022-06-10T11:17:01 IST" duration-ms="7918" status="PASS">
          <reporter-output>
          </reporter-output>
        </test-method> <!-- openAPp -->
        <test-method signature="t1()[pri:0, instance:listner.Demo_Listner_SoftAssert@5562c41e]" started-at="2022-06-10T11:17:01 IST" name="t1" finished-at="2022-06-10T11:17:03 IST" duration-ms="2472" status="PASS">
          <reporter-output>
            <line>
              <![CDATA[test started]]>
            </line>
            <line>
              <![CDATA[test success]]>
            </line>
          </reporter-output>
        </test-method> <!-- t1 -->
        <test-method is-config="true" signature="closeApp()[pri:0, instance:listner.Demo_Listner_SoftAssert@5562c41e]" started-at="2022-06-10T11:17:03 IST" name="closeApp" finished-at="2022-06-10T11:17:03 IST" duration-ms="0" status="PASS">
          <reporter-output>
          </reporter-output>
        </test-method> <!-- closeApp -->
      </class> <!-- listner.Demo_Listner_SoftAssert -->
    </test> <!-- Default test -->
  </suite> <!-- Default suite -->
</testng-results>
